<?xml version="1.0" encoding="UTF-8"?>
<!-- Generated by org.testng.reporters.JUnitReportReporter -->
<testsuite skipped="0" hostname="HYD-NTALARI" name="com.orbc.syn.menumgmt.service.MenuMgmtServiceTest" tests="7" failures="0" timestamp="18 May 2018 14:48:41 GMT" time="0.092" errors="0">
  <testcase name="testAddMenu" time="0.031" classname="com.orbc.syn.menumgmt.service.MenuMgmtServiceTest"/>
  <testcase name="testDeleteParent" time="0.005" classname="com.orbc.syn.menumgmt.service.MenuMgmtServiceTest"/>
  <testcase name="testDeleteMenu" time="0.010" classname="com.orbc.syn.menumgmt.service.MenuMgmtServiceTest"/>
  <testcase name="testGetMenusList" time="0.015" classname="com.orbc.syn.menumgmt.service.MenuMgmtServiceTest"/>
  <testcase name="testEditMenu" time="0.015" classname="com.orbc.syn.menumgmt.service.MenuMgmtServiceTest"/>
  <testcase name="testEditMenusList" time="0.007" classname="com.orbc.syn.menumgmt.service.MenuMgmtServiceTest"/>
  <testcase name="testGetAllMenus" time="0.009" classname="com.orbc.syn.menumgmt.service.MenuMgmtServiceTest"/>
</testsuite> <!-- com.orbc.syn.menumgmt.service.MenuMgmtServiceTest -->
